{"numFailedTestSuites":1,"numFailedTests":2,"numPassedTestSuites":0,"numPassedTests":0,"numPendingTestSuites":0,"numPendingTests":0,"numRuntimeErrorTestSuites":0,"numTotalTestSuites":1,"numTotalTests":2,"openHandles":[],"snapshot":{"added":0,"didUpdate":false,"failure":false,"filesAdded":0,"filesRemoved":0,"filesUnmatched":0,"filesUpdated":0,"matched":0,"total":0,"unchecked":0,"uncheckedKeysByFile":[],"unmatched":0,"updated":0},"startTime":1534448393946,"success":false,"testResults":[{"assertionResults":[{"ancestorTitles":[],"failureMessages":["Error: EEXIST: file already exists, mkdir 'homebridge-ecovacs-deebot-m80pro.json'\n    at Object.mkdirSync (fs.js:729:3)\n    at Function.getConfigPath (/Users/gpalacino/Source/play/homebridge-ecovacs-deebot-m80pro/src/ecovacs/apiClient.ts:37:5)\n    at new ApiClient (/Users/gpalacino/Source/play/homebridge-ecovacs-deebot-m80pro/src/ecovacs/apiClient.ts:8:43)\n    at Object.<anonymous>.it (/Users/gpalacino/Source/play/homebridge-ecovacs-deebot-m80pro/tests/ecovacs/apiClient.tests.ts:4:10)\n    at Object.asyncJestTest (/Users/gpalacino/Source/play/homebridge-ecovacs-deebot-m80pro/node_modules/jest-jasmine2/build/jasmine_async.js:108:37)\n    at resolve (/Users/gpalacino/Source/play/homebridge-ecovacs-deebot-m80pro/node_modules/jest-jasmine2/build/queue_runner.js:56:12)\n    at new Promise (<anonymous>)\n    at mapper (/Users/gpalacino/Source/play/homebridge-ecovacs-deebot-m80pro/node_modules/jest-jasmine2/build/queue_runner.js:43:19)\n    at promise.then (/Users/gpalacino/Source/play/homebridge-ecovacs-deebot-m80pro/node_modules/jest-jasmine2/build/queue_runner.js:87:41)\n    at process._tickCallback (internal/process/next_tick.js:68:7)"],"fullName":"Creates apiClient","location":null,"status":"failed","title":"Creates apiClient"},{"ancestorTitles":[],"failureMessages":["Error: EEXIST: file already exists, mkdir 'homebridge-ecovacs-deebot-m80pro.json'\n    at Object.mkdirSync (fs.js:729:3)\n    at Function.getConfigPath (/Users/gpalacino/Source/play/homebridge-ecovacs-deebot-m80pro/src/ecovacs/apiClient.ts:37:5)\n    at new ApiClient (/Users/gpalacino/Source/play/homebridge-ecovacs-deebot-m80pro/src/ecovacs/apiClient.ts:8:43)\n    at Object.<anonymous>.it (/Users/gpalacino/Source/play/homebridge-ecovacs-deebot-m80pro/tests/ecovacs/apiClient.tests.ts:8:18)\n    at Object.asyncJestTest (/Users/gpalacino/Source/play/homebridge-ecovacs-deebot-m80pro/node_modules/jest-jasmine2/build/jasmine_async.js:108:37)\n    at resolve (/Users/gpalacino/Source/play/homebridge-ecovacs-deebot-m80pro/node_modules/jest-jasmine2/build/queue_runner.js:56:12)\n    at new Promise (<anonymous>)\n    at mapper (/Users/gpalacino/Source/play/homebridge-ecovacs-deebot-m80pro/node_modules/jest-jasmine2/build/queue_runner.js:43:19)\n    at promise.then (/Users/gpalacino/Source/play/homebridge-ecovacs-deebot-m80pro/node_modules/jest-jasmine2/build/queue_runner.js:87:41)\n    at process._tickCallback (internal/process/next_tick.js:68:7)"],"fullName":"Checks apiClient config","location":null,"status":"failed","title":"Checks apiClient config"}],"endTime":1534448395304,"message":"\u001b[1m\u001b[31m  \u001b[1m● \u001b[1mCreates apiClient\u001b[39m\u001b[22m\n\n    EEXIST: file already exists, mkdir 'homebridge-ecovacs-deebot-m80pro.json'\n\u001b[2m\u001b[22m\n\u001b[2m    \u001b[0m \u001b[90m 35 | \u001b[39m  private static getConfigPath()\u001b[33m:\u001b[39m string {\u001b[0m\u001b[22m\n\u001b[2m    \u001b[0m \u001b[90m 36 | \u001b[39m    \u001b[36mconst\u001b[39m path \u001b[33m=\u001b[39m join(homedir()\u001b[33m,\u001b[39m \u001b[32m'.config'\u001b[39m\u001b[33m,\u001b[39m \u001b[32m'homebridge-ecovacs-deebot-m80pro.json'\u001b[39m)\u001b[33m;\u001b[39m\u001b[0m\u001b[22m\n\u001b[2m    \u001b[0m\u001b[31m\u001b[1m>\u001b[2m\u001b[39m\u001b[90m 37 | \u001b[39m    mkdirSync(basename(path))\u001b[33m;\u001b[39m\u001b[0m\u001b[22m\n\u001b[2m    \u001b[0m \u001b[90m    | \u001b[39m    \u001b[31m\u001b[1m^\u001b[2m\u001b[39m\u001b[0m\u001b[22m\n\u001b[2m    \u001b[0m \u001b[90m 38 | \u001b[39m    \u001b[36mreturn\u001b[39m path\u001b[33m;\u001b[39m\u001b[0m\u001b[22m\n\u001b[2m    \u001b[0m \u001b[90m 39 | \u001b[39m  }\u001b[0m\u001b[22m\n\u001b[2m    \u001b[0m \u001b[90m 40 | \u001b[39m}\u001b[0m\u001b[22m\n\u001b[2m\u001b[22m\n\u001b[2m      \u001b[2mat Function.getConfigPath (\u001b[2m\u001b[0m\u001b[36msrc/ecovacs/apiClient.ts\u001b[39m\u001b[0m\u001b[2m:37:5)\u001b[2m\u001b[22m\n\u001b[2m      \u001b[2mat new ApiClient (\u001b[2m\u001b[0m\u001b[36msrc/ecovacs/apiClient.ts\u001b[39m\u001b[0m\u001b[2m:8:43)\u001b[2m\u001b[22m\n\u001b[2m      \u001b[2mat Object.<anonymous>.it (\u001b[2m\u001b[0m\u001b[36mtests/ecovacs/apiClient.tests.ts\u001b[39m\u001b[0m\u001b[2m:4:10)\u001b[2m\u001b[22m\n\n\u001b[1m\u001b[31m  \u001b[1m● \u001b[1mChecks apiClient config\u001b[39m\u001b[22m\n\n    EEXIST: file already exists, mkdir 'homebridge-ecovacs-deebot-m80pro.json'\n\u001b[2m\u001b[22m\n\u001b[2m    \u001b[0m \u001b[90m 35 | \u001b[39m  private static getConfigPath()\u001b[33m:\u001b[39m string {\u001b[0m\u001b[22m\n\u001b[2m    \u001b[0m \u001b[90m 36 | \u001b[39m    \u001b[36mconst\u001b[39m path \u001b[33m=\u001b[39m join(homedir()\u001b[33m,\u001b[39m \u001b[32m'.config'\u001b[39m\u001b[33m,\u001b[39m \u001b[32m'homebridge-ecovacs-deebot-m80pro.json'\u001b[39m)\u001b[33m;\u001b[39m\u001b[0m\u001b[22m\n\u001b[2m    \u001b[0m\u001b[31m\u001b[1m>\u001b[2m\u001b[39m\u001b[90m 37 | \u001b[39m    mkdirSync(basename(path))\u001b[33m;\u001b[39m\u001b[0m\u001b[22m\n\u001b[2m    \u001b[0m \u001b[90m    | \u001b[39m    \u001b[31m\u001b[1m^\u001b[2m\u001b[39m\u001b[0m\u001b[22m\n\u001b[2m    \u001b[0m \u001b[90m 38 | \u001b[39m    \u001b[36mreturn\u001b[39m path\u001b[33m;\u001b[39m\u001b[0m\u001b[22m\n\u001b[2m    \u001b[0m \u001b[90m 39 | \u001b[39m  }\u001b[0m\u001b[22m\n\u001b[2m    \u001b[0m \u001b[90m 40 | \u001b[39m}\u001b[0m\u001b[22m\n\u001b[2m\u001b[22m\n\u001b[2m      \u001b[2mat Function.getConfigPath (\u001b[2m\u001b[0m\u001b[36msrc/ecovacs/apiClient.ts\u001b[39m\u001b[0m\u001b[2m:37:5)\u001b[2m\u001b[22m\n\u001b[2m      \u001b[2mat new ApiClient (\u001b[2m\u001b[0m\u001b[36msrc/ecovacs/apiClient.ts\u001b[39m\u001b[0m\u001b[2m:8:43)\u001b[2m\u001b[22m\n\u001b[2m      \u001b[2mat Object.<anonymous>.it (\u001b[2m\u001b[0m\u001b[36mtests/ecovacs/apiClient.tests.ts\u001b[39m\u001b[0m\u001b[2m:8:18)\u001b[2m\u001b[22m\n","name":"/Users/gpalacino/Source/play/homebridge-ecovacs-deebot-m80pro/tests/ecovacs/apiClient.tests.ts","startTime":1534448394373,"status":"failed","summary":""}],"wasInterrupted":false,"coverageMap":{"/Users/gpalacino/Source/play/homebridge-ecovacs-deebot-m80pro/src/ecovacs/apiClient.ts":{"path":"/Users/gpalacino/Source/play/homebridge-ecovacs-deebot-m80pro/src/ecovacs/apiClient.ts","statementMap":{"0":{"start":{"line":2,"column":0},"end":{"line":2,"column":28}},"1":{"start":{"line":3,"column":0},"end":{"line":3,"column":71}},"2":{"start":{"line":4,"column":0},"end":{"line":4,"column":37}},"3":{"start":{"line":8,"column":10},"end":{"line":8,"column":58}},"4":{"start":{"line":11,"column":4},"end":{"line":11,"column":58}},"5":{"start":{"line":15,"column":4},"end":{"line":15,"column":24}},"6":{"start":{"line":19,"column":4},"end":{"line":19,"column":26}},"7":{"start":{"line":20,"column":4},"end":{"line":20,"column":57}},"8":{"start":{"line":24,"column":4},"end":{"line":26,"column":5}},"9":{"start":{"line":25,"column":6},"end":{"line":25,"column":24}},"10":{"start":{"line":27,"column":17},"end":{"line":27,"column":58}},"11":{"start":{"line":28,"column":4},"end":{"line":28,"column":36}},"12":{"start":{"line":32,"column":4},"end":{"line":32,"column":48}},"13":{"start":{"line":36,"column":17},"end":{"line":36,"column":84}},"14":{"start":{"line":37,"column":4},"end":{"line":37,"column":30}},"15":{"start":{"line":38,"column":4},"end":{"line":38,"column":16}},"16":{"start":{"line":6,"column":0},"end":{"line":40,"column":1}}},"fnMap":{"0":{"name":"(anonymous_0)","decl":{"start":{"line":10,"column":2},"end":{"line":null,"column":-1}},"loc":{"start":{"line":10,"column":2},"end":{"line":12,"column":3}}},"1":{"name":"(anonymous_1)","decl":{"start":{"line":14,"column":2},"end":{"line":14,"column":10}},"loc":{"start":{"line":14,"column":11},"end":{"line":16,"column":3}}},"2":{"name":"(anonymous_2)","decl":{"start":{"line":18,"column":2},"end":{"line":18,"column":10}},"loc":{"start":{"line":18,"column":26},"end":{"line":21,"column":3}}},"3":{"name":"(anonymous_3)","decl":{"start":{"line":23,"column":10},"end":{"line":23,"column":15}},"loc":{"start":{"line":23,"column":40},"end":{"line":29,"column":3}}},"4":{"name":"(anonymous_4)","decl":{"start":{"line":31,"column":10},"end":{"line":31,"column":15}},"loc":{"start":{"line":31,"column":56},"end":{"line":33,"column":3}}},"5":{"name":"(anonymous_5)","decl":{"start":{"line":35,"column":10},"end":{"line":35,"column":15}},"loc":{"start":{"line":35,"column":30},"end":{"line":39,"column":3}}}},"branchMap":{"0":{"loc":{"start":{"line":24,"column":4},"end":{"line":26,"column":5}},"type":"if","locations":[{"start":{"line":24,"column":4},"end":{"line":26,"column":5}},{"start":{"line":24,"column":4},"end":{"line":26,"column":5}}]}},"s":{"0":1,"1":1,"2":1,"3":2,"4":0,"5":0,"6":0,"7":0,"8":0,"9":0,"10":0,"11":0,"12":0,"13":2,"14":2,"15":0,"16":1},"f":{"0":2,"1":0,"2":0,"3":0,"4":0,"5":2},"b":{"0":[0,0]}}}}